<?xml version="1.0" encoding="UTF-8"?>
<!-- Generated by org.testng.reporters.JUnitXMLReporter -->
<testsuite ignored="0" hostname="Prasanna" failures="0" tests="11" name="All API Tests" time="24.61" errors="0" timestamp="2026-06-17T21:44:53 IST">
  <testcase classname="com.http.Base_Api_Test" name="get_base" time="2.854"/>
  <testcase classname="com.http.loginAPi" name="ValidLogin" time="5.364"/>
  <testcase classname="com.crud.create_api" name="Create" time="1.798"/>
  <testcase classname="com.crud.create_api" name="GetNoteById" time="1.881"/>
  <testcase classname="com.crud.create_api" name="UpdateNoteById" time="1.968"/>
  <testcase classname="com.crud.create_api" name="GetAllNotes" time="1.951"/>
  <testcase classname="com.crud.create_api" name="TogglePinNoteById" time="1.903"/>
  <testcase classname="com.crud.create_api" name="DeleteNoteById" time="1.767"/>
  <testcase classname="com.http.getCourse" name="get_course" time="2.586"/>
  <testcase classname="com.http.getInsitiution" name="getAllInsititute" time="1.09"/>
  <testcase classname="com.http.GetRoles" name="getRoles" time="0.796"/>
</testsuite> <!-- All API Tests -->
