<?xml version="1.0" encoding="UTF-8"?>
<!-- Generated by org.testng.reporters.JUnitReportReporter -->
<testsuite hostname="Prasanna" failures="0" tests="6" name="com.crud.create_api" time="11.268" errors="0" timestamp="2026-06-17T21:44:53 IST" skipped="0">
  <testcase classname="com.crud.create_api" name="Create" time="1.798"/>
  <testcase classname="com.crud.create_api" name="GetNoteById" time="1.881"/>
  <testcase classname="com.crud.create_api" name="UpdateNoteById" time="1.968"/>
  <testcase classname="com.crud.create_api" name="GetAllNotes" time="1.951"/>
  <testcase classname="com.crud.create_api" name="TogglePinNoteById" time="1.903"/>
  <testcase classname="com.crud.create_api" name="DeleteNoteById" time="1.767"/>
</testsuite> <!-- com.crud.create_api -->
